#
# There is insufficient memory for the Java Runtime Environment to continue.
# Native memory allocation (malloc) failed to allocate 1915552 bytes for Chunk::new
# Possible reasons:
#   The system is out of physical RAM or swap space
#   In 32 bit mode, the process size limit was hit
# Possible solutions:
#   Reduce memory load on the system
#   Increase physical memory or swap space
#   Check if swap backing store is full
#   Use 64 bit Java on a 64 bit OS
#   Decrease Java heap size (-Xmx/-Xms)
#   Decrease number of Java threads
#   Decrease Java thread stack sizes (-Xss)
#   Set larger code cache with -XX:ReservedCodeCacheSize=
# This output file may be truncated or incomplete.
#
#  Out of Memory Error (allocation.cpp:390), pid=7196, tid=0x0000000000002dec
#
# JRE version: OpenJDK Runtime Environment (8.0_152-b02) (build 1.8.0_152-release-1024-b02)
# Java VM: OpenJDK 64-Bit Server VM (25.152-b02 mixed mode windows-amd64 compressed oops)
# Failed to write core dump. Minidumps are not enabled by default on client versions of Windows
#

---------------  T H R E A D  ---------------

Current thread (0x00000000163dc800):  JavaThread "C2 CompilerThread0" daemon [_thread_in_native, id=11756, stack(0x0000000017a50000,0x0000000017b50000)]

Stack: [0x0000000017a50000,0x0000000017b50000]
[error occurred during error reporting (printing stack bounds), id 0xc0000005]

Native frames: (J=compiled Java code, j=interpreted, Vv=VM code, C=native code)


Current CompileTask:
C2:  33876 4846       4       java.net.URLClassLoader$1::run (5 bytes)


---------------  P R O C E S S  ---------------

Java Threads: ( => current thread )
  0x0000000019ae6000 JavaThread "Memory manager" [_thread_blocked, id=13008, stack(0x0000000020c20000,0x0000000020d20000)]
  0x000000001940e800 JavaThread "build operations Thread 4" [_thread_blocked, id=4008, stack(0x0000000020520000,0x0000000020620000)]
  0x0000000019415000 JavaThread "build operations Thread 3" [_thread_blocked, id=13244, stack(0x0000000020420000,0x0000000020520000)]
  0x0000000019413000 JavaThread "build operations Thread 2" [_thread_blocked, id=7660, stack(0x0000000020060000,0x0000000020160000)]
  0x0000000019413800 JavaThread "build operations" [_thread_blocked, id=2604, stack(0x000000001ff60000,0x0000000020060000)]
  0x0000000019410800 JavaThread "Cache worker for Artifact transforms cache (C:\Users\Jhon\.gradle\caches\transforms-1)" [_thread_blocked, id=460, stack(0x000000001d260000,0x000000001d360000)]
  0x0000000017e65000 JavaThread "Cache worker for file hash cache (C:\Users\Jhon\Documents\AndroidProjects\Triki\Android1-Triki\.gradle\4.4\fileHashes)" [_thread_blocked, id=2804, stack(0x000000001bf90000,0x000000001c090000)]
  0x0000000018c41000 JavaThread "File lock request listener" [_thread_in_native, id=8284, stack(0x000000001aec0000,0x000000001afc0000)]
  0x000000001878c800 JavaThread "Cache worker for file hash cache (C:\Users\Jhon\.gradle\caches\4.4\fileHashes)" [_thread_blocked, id=13024, stack(0x000000001adc0000,0x000000001aec0000)]
  0x0000000018c8e000 JavaThread "Stdin handler" [_thread_blocked, id=1536, stack(0x000000001aac0000,0x000000001abc0000)]
  0x0000000018c8b800 JavaThread "Asynchronous log dispatcher for DefaultDaemonConnection: socket connection from /127.0.0.1:53710 to /127.0.0.1:53711" [_thread_blocked, id=12204, stack(0x000000001a9c0000,0x000000001aac0000)]
  0x0000000018c89800 JavaThread "Daemon worker" [_thread_in_native, id=3456, stack(0x000000001a8c0000,0x000000001a9c0000)]
  0x0000000018c82800 JavaThread "Cancel handler" [_thread_blocked, id=1528, stack(0x000000001a7c0000,0x000000001a8c0000)]
  0x0000000018132000 JavaThread "Handler for socket connection from /127.0.0.1:53710 to /127.0.0.1:53711" [_thread_in_native, id=4452, stack(0x000000001a4c0000,0x000000001a5c0000)]
  0x0000000017f9e000 JavaThread "Daemon" [_thread_blocked, id=4832, stack(0x000000001a3c0000,0x000000001a4c0000)]
  0x0000000017f99800 JavaThread "Daemon periodic checks" [_thread_blocked, id=11400, stack(0x000000001a2c0000,0x000000001a3c0000)]
  0x0000000018c1c000 JavaThread "Incoming local TCP Connector on port 53710" [_thread_in_native, id=13472, stack(0x000000001a060000,0x000000001a160000)]
  0x0000000016432800 JavaThread "Service Thread" daemon [_thread_blocked, id=8068, stack(0x0000000017d50000,0x0000000017e50000)]
  0x00000000163e6000 JavaThread "C1 CompilerThread2" daemon [_thread_blocked, id=5108, stack(0x0000000017c50000,0x0000000017d50000)]
  0x00000000163e2800 JavaThread "C2 CompilerThread1" daemon [_thread_in_native, id=14320, stack(0x0000000017b50000,0x0000000017c50000)]
=>0x00000000163dc800 JavaThread "C2 CompilerThread0" daemon [_thread_in_native, id=11756, stack(0x0000000017a50000,0x0000000017b50000)]
  0x00000000163db000 JavaThread "Attach Listener" daemon [_thread_blocked, id=1200, stack(0x0000000017950000,0x0000000017a50000)]
  0x00000000163d9800 JavaThread "Signal Dispatcher" daemon [_thread_blocked, id=9692, stack(0x0000000017850000,0x0000000017950000)]
  0x0000000002a6c800 JavaThread "Finalizer" daemon [_thread_blocked, id=10628, stack(0x0000000017640000,0x0000000017740000)]
  0x0000000002a62000 JavaThread "Reference Handler" daemon [_thread_blocked, id=5624, stack(0x0000000017540000,0x0000000017640000)]
  0x0000000002972800 JavaThread "main" [_thread_blocked, id=5560, stack(0x00000000027e0000,0x00000000028e0000)]

Other Threads:
  0x00000000163a5000 VMThread [stack: 0x0000000017440000,0x0000000017540000] [id=11496]
  0x000000001643d000 WatcherThread [stack: 0x0000000018250000,0x0000000018350000] [id=3068]

VM state:not at safepoint (normal execution)

VM Mutex/Monitor currently owned by a thread: None

Heap:
 PSYoungGen      total 228352K, used 181845K [0x00000000e0000000, 0x00000000eec80000, 0x0000000100000000)
  eden space 213504K, 85% used [0x00000000e0000000,0x00000000eb195550,0x00000000ed080000)
  from space 14848K, 0% used [0x00000000ede00000,0x00000000ede00000,0x00000000eec80000)
  to   space 13824K, 0% used [0x00000000ed080000,0x00000000ed080000,0x00000000ede00000)
 ParOldGen       total 92672K, used 17739K [0x00000000a0000000, 0x00000000a5a80000, 0x00000000e0000000)
  object space 92672K, 19% used [0x00000000a0000000,0x00000000a1152f60,0x00000000a5a80000)
 Metaspace       used 49089K, capacity 50492K, committed 50560K, reserved 1093632K
  class space    used 6670K, capacity 7039K, committed 7040K, reserved 1048576K

Card table byte_map: [0x0000000011e30000,0x0000000012140000] byte_map_base: 0x0000000011930000

Marking Bits: (ParMarkBitMap*) 0x0000000069e24970
 Begin Bits: [0x0000000012740000, 0x0000000013f40000)
 End Bits:   [0x0000000013f40000, 0x0000000015740000)

Polling page: 0x0000000000a50000

CodeCache: size=245760Kb used=15969Kb max_used=15969Kb free=229790Kb
 bounds [0x0000000002a70000, 0x0000000003a20000, 0x0000000011a70000]
 total_blobs=5361 nmethods=4617 adapters=657
 compilation: enabled

Compilation events (10 events):
Event: 33.780 Thread 0x00000000163e6000 4975       3       com.sun.org.apache.xerces.internal.util.NamespaceSupport::getDeclaredPrefixCount (17 bytes)
Event: 33.780 Thread 0x00000000163e6000 nmethod 4975 0x0000000003a11fd0 code [0x0000000003a12120, 0x0000000003a122d0]
Event: 33.782 Thread 0x00000000163e6000 4976       3       com.google.common.collect.Iterators$3::hasNext (10 bytes)
Event: 33.782 Thread 0x00000000163e6000 nmethod 4976 0x0000000003a123d0 code [0x0000000003a12540, 0x0000000003a12768]
Event: 33.808 Thread 0x00000000163e6000 4977       3       org.gradle.api.internal.file.CompositeFileCollection::<init> (5 bytes)
Event: 33.808 Thread 0x00000000163e6000 nmethod 4977 0x0000000003a12810 code [0x0000000003a12980, 0x0000000003a12b90]
Event: 33.810 Thread 0x00000000163e6000 4978       3       com.google.common.collect.ImmutableSetMultimap::get (6 bytes)
Event: 33.810 Thread 0x00000000163e6000 nmethod 4978 0x0000000003a12c90 code [0x0000000003a12e40, 0x0000000003a13518]
Event: 33.814 Thread 0x00000000163e6000 4979   !   3       java.lang.invoke.MethodHandleNatives::linkMethodHandleConstant (154 bytes)
Event: 33.815 Thread 0x00000000163e6000 nmethod 4979 0x0000000003a137d0 code [0x0000000003a13a20, 0x0000000003a14618]

GC Heap History (10 events):
Event: 13.711 GC heap before
{Heap before GC invocations=4 (full 0):
 PSYoungGen      total 71680K, used 20215K [0x00000000e0000000, 0x00000000e8c00000, 0x0000000100000000)
  eden space 66560K, 22% used [0x00000000e0000000,0x00000000e0ec5c20,0x00000000e4100000)
  from space 5120K, 99% used [0x00000000e4100000,0x00000000e45f8040,0x00000000e4600000)
  to   space 5120K, 0% used [0x00000000e8700000,0x00000000e8700000,0x00000000e8c00000)
 ParOldGen       total 87552K, used 6215K [0x00000000a0000000, 0x00000000a5580000, 0x00000000e0000000)
  object space 87552K, 7% used [0x00000000a0000000,0x00000000a0611ec8,0x00000000a5580000)
 Metaspace       used 20755K, capacity 21208K, committed 21248K, reserved 1067008K
  class space    used 2884K, capacity 3042K, committed 3072K, reserved 1048576K
Event: 13.724 GC heap after
Heap after GC invocations=4 (full 0):
 PSYoungGen      total 138240K, used 5104K [0x00000000e0000000, 0x00000000e8c00000, 0x0000000100000000)
  eden space 133120K, 0% used [0x00000000e0000000,0x00000000e0000000,0x00000000e8200000)
  from space 5120K, 99% used [0x00000000e8700000,0x00000000e8bfc040,0x00000000e8c00000)
  to   space 5120K, 0% used [0x00000000e8200000,0x00000000e8200000,0x00000000e8700000)
 ParOldGen       total 87552K, used 8749K [0x00000000a0000000, 0x00000000a5580000, 0x00000000e0000000)
  object space 87552K, 9% used [0x00000000a0000000,0x00000000a088b518,0x00000000a5580000)
 Metaspace       used 20755K, capacity 21208K, committed 21248K, reserved 1067008K
  class space    used 2884K, capacity 3042K, committed 3072K, reserved 1048576K
}
Event: 13.724 GC heap before
{Heap before GC invocations=5 (full 1):
 PSYoungGen      total 138240K, used 5104K [0x00000000e0000000, 0x00000000e8c00000, 0x0000000100000000)
  eden space 133120K, 0% used [0x00000000e0000000,0x00000000e0000000,0x00000000e8200000)
  from space 5120K, 99% used [0x00000000e8700000,0x00000000e8bfc040,0x00000000e8c00000)
  to   space 5120K, 0% used [0x00000000e8200000,0x00000000e8200000,0x00000000e8700000)
 ParOldGen       total 87552K, used 8749K [0x00000000a0000000, 0x00000000a5580000, 0x00000000e0000000)
  object space 87552K, 9% used [0x00000000a0000000,0x00000000a088b518,0x00000000a5580000)
 Metaspace       used 20755K, capacity 21208K, committed 21248K, reserved 1067008K
  class space    used 2884K, capacity 3042K, committed 3072K, reserved 1048576K
Event: 13.806 GC heap after
Heap after GC invocations=5 (full 1):
 PSYoungGen      total 138240K, used 0K [0x00000000e0000000, 0x00000000e8c00000, 0x0000000100000000)
  eden space 133120K, 0% used [0x00000000e0000000,0x00000000e0000000,0x00000000e8200000)
  from space 5120K, 0% used [0x00000000e8700000,0x00000000e8700000,0x00000000e8c00000)
  to   space 5120K, 0% used [0x00000000e8200000,0x00000000e8200000,0x00000000e8700000)
 ParOldGen       total 59392K, used 8356K [0x00000000a0000000, 0x00000000a3a00000, 0x00000000e0000000)
  object space 59392K, 14% used [0x00000000a0000000,0x00000000a0829058,0x00000000a3a00000)
 Metaspace       used 20755K, capacity 21208K, committed 21248K, reserved 1067008K
  class space    used 2884K, capacity 3042K, committed 3072K, reserved 1048576K
}
Event: 22.960 GC heap before
{Heap before GC invocations=6 (full 1):
 PSYoungGen      total 138240K, used 133120K [0x00000000e0000000, 0x00000000e8c00000, 0x0000000100000000)
  eden space 133120K, 100% used [0x00000000e0000000,0x00000000e8200000,0x00000000e8200000)
  from space 5120K, 0% used [0x00000000e8700000,0x00000000e8700000,0x00000000e8c00000)
  to   space 5120K, 0% used [0x00000000e8200000,0x00000000e8200000,0x00000000e8700000)
 ParOldGen       total 59392K, used 8356K [0x00000000a0000000, 0x00000000a3a00000, 0x00000000e0000000)
  object space 59392K, 14% used [0x00000000a0000000,0x00000000a0829058,0x00000000a3a00000)
 Metaspace       used 30118K, capacity 30638K, committed 30848K, reserved 1075200K
  class space    used 4218K, capacity 4362K, committed 4480K, reserved 1048576K
Event: 22.982 GC heap after
Heap after GC invocations=6 (full 1):
 PSYoungGen      total 138240K, used 5088K [0x00000000e0000000, 0x00000000eec80000, 0x0000000100000000)
  eden space 133120K, 0% used [0x00000000e0000000,0x00000000e0000000,0x00000000e8200000)
  from space 5120K, 99% used [0x00000000e8200000,0x00000000e86f8020,0x00000000e8700000)
  to   space 14848K, 0% used [0x00000000ede00000,0x00000000ede00000,0x00000000eec80000)
 ParOldGen       total 59392K, used 16850K [0x00000000a0000000, 0x00000000a3a00000, 0x00000000e0000000)
  object space 59392K, 28% used [0x00000000a0000000,0x00000000a1074ae0,0x00000000a3a00000)
 Metaspace       used 30118K, capacity 30638K, committed 30848K, reserved 1075200K
  class space    used 4218K, capacity 4362K, committed 4480K, reserved 1048576K
}
Event: 24.305 GC heap before
{Heap before GC invocations=7 (full 1):
 PSYoungGen      total 138240K, used 28400K [0x00000000e0000000, 0x00000000eec80000, 0x0000000100000000)
  eden space 133120K, 17% used [0x00000000e0000000,0x00000000e16c43c8,0x00000000e8200000)
  from space 5120K, 99% used [0x00000000e8200000,0x00000000e86f8020,0x00000000e8700000)
  to   space 14848K, 0% used [0x00000000ede00000,0x00000000ede00000,0x00000000eec80000)
 ParOldGen       total 59392K, used 16850K [0x00000000a0000000, 0x00000000a3a00000, 0x00000000e0000000)
  object space 59392K, 28% used [0x00000000a0000000,0x00000000a1074ae0,0x00000000a3a00000)
 Metaspace       used 34753K, capacity 35318K, committed 35416K, reserved 1079296K
  class space    used 4788K, capacity 4971K, committed 4992K, reserved 1048576K
Event: 24.321 GC heap after
Heap after GC invocations=7 (full 1):
 PSYoungGen      total 228352K, used 8578K [0x00000000e0000000, 0x00000000eec80000, 0x0000000100000000)
  eden space 213504K, 0% used [0x00000000e0000000,0x00000000e0000000,0x00000000ed080000)
  from space 14848K, 57% used [0x00000000ede00000,0x00000000ee660bb0,0x00000000eec80000)
  to   space 13824K, 0% used [0x00000000ed080000,0x00000000ed080000,0x00000000ede00000)
 ParOldGen       total 59392K, used 16858K [0x00000000a0000000, 0x00000000a3a00000, 0x00000000e0000000)
  object space 59392K, 28% used [0x00000000a0000000,0x00000000a1076ae0,0x00000000a3a00000)
 Metaspace       used 34753K, capacity 35318K, committed 35416K, reserved 1079296K
  class space    used 4788K, capacity 4971K, committed 4992K, reserved 1048576K
}
Event: 24.321 GC heap before
{Heap before GC invocations=8 (full 2):
 PSYoungGen      total 228352K, used 8578K [0x00000000e0000000, 0x00000000eec80000, 0x0000000100000000)
  eden space 213504K, 0% used [0x00000000e0000000,0x00000000e0000000,0x00000000ed080000)
  from space 14848K, 57% used [0x00000000ede00000,0x00000000ee660bb0,0x00000000eec80000)
  to   space 13824K, 0% used [0x00000000ed080000,0x00000000ed080000,0x00000000ede00000)
 ParOldGen       total 59392K, used 16858K [0x00000000a0000000, 0x00000000a3a00000, 0x00000000e0000000)
  object space 59392K, 28% used [0x00000000a0000000,0x00000000a1076ae0,0x00000000a3a00000)
 Metaspace       used 34753K, capacity 35318K, committed 35416K, reserved 1079296K
  class space    used 4788K, capacity 4971K, committed 4992K, reserved 1048576K
Event: 24.405 GC heap after
Heap after GC invocations=8 (full 2):
 PSYoungGen      total 228352K, used 0K [0x00000000e0000000, 0x00000000eec80000, 0x0000000100000000)
  eden space 213504K, 0% used [0x00000000e0000000,0x00000000e0000000,0x00000000ed080000)
  from space 14848K, 0% used [0x00000000ede00000,0x00000000ede00000,0x00000000eec80000)
  to   space 13824K, 0% used [0x00000000ed080000,0x00000000ed080000,0x00000000ede00000)
 ParOldGen       total 92672K, used 17739K [0x00000000a0000000, 0x00000000a5a80000, 0x00000000e0000000)
  object space 92672K, 19% used [0x00000000a0000000,0x00000000a1152f60,0x00000000a5a80000)
 Metaspace       used 34753K, capacity 35318K, committed 35416K, reserved 1079296K
  class space    used 4788K, capacity 4971K, committed 4992K, reserved 1048576K
}

Deoptimization events (10 events):
Event: 29.946 Thread 0x0000000018c89800 Uncommon trap: reason=class_check action=maybe_recompile pc=0x000000000305acc0 method=java.io.DataInputStream.readUnsignedShort()I @ 4
Event: 30.037 Thread 0x0000000018c89800 Uncommon trap: reason=unstable_if action=reinterpret pc=0x00000000037c7e80 method=java.io.DataInputStream.readUTF(Ljava/io/DataInput;)Ljava/lang/String; @ 31
Event: 30.298 Thread 0x0000000018c89800 Uncommon trap: reason=unstable_if action=reinterpret pc=0x00000000033486dc method=java.util.WeakHashMap.remove(Ljava/lang/Object;)Ljava/lang/Object; @ 94
Event: 30.486 Thread 0x0000000018c89800 Uncommon trap: reason=unstable_if action=reinterpret pc=0x000000000354be8c method=java.util.regex.Pattern$BmpCharProperty.match(Ljava/util/regex/Matcher;ILjava/lang/CharSequence;)Z @ 34
Event: 30.486 Thread 0x0000000018c89800 Uncommon trap: reason=unstable_if action=reinterpret pc=0x000000000332a2a8 method=java.util.regex.Pattern$BmpCharProperty.match(Ljava/util/regex/Matcher;ILjava/lang/CharSequence;)Z @ 34
Event: 32.990 Thread 0x0000000018c89800 Uncommon trap: reason=unstable_if action=reinterpret pc=0x0000000003305e48 method=org.objectweb.asm.ByteVector.putUTF8(Ljava/lang/String;)Lorg/objectweb/asm/ByteVector; @ 91
Event: 33.106 Thread 0x0000000018c89800 Uncommon trap: reason=unstable_if action=reinterpret pc=0x0000000002b9dc34 method=java.lang.String.lastIndexOf([CII[CIII)I @ 118
Event: 33.156 Thread 0x0000000018c89800 Uncommon trap: reason=unstable_if action=reinterpret pc=0x00000000032937b0 method=org.objectweb.asm.ByteVector.putUTF8(Ljava/lang/String;)Lorg/objectweb/asm/ByteVector; @ 91
Event: 33.778 Thread 0x0000000018c89800 Uncommon trap: reason=unstable_if action=reinterpret pc=0x00000000038584a8 method=java.util.regex.Pattern$GroupTail.match(Ljava/util/regex/Matcher;ILjava/lang/CharSequence;)Z @ 73
Event: 33.779 Thread 0x0000000018c89800 Uncommon trap: reason=unstable_if action=reinterpret pc=0x00000000038719d8 method=com.sun.org.apache.xerces.internal.impl.XMLEntityScanner.scanContent(Lcom/sun/org/apache/xerces/internal/xni/XMLString;)I @ 163

Classes redefined (0 events):
No events

Internal exceptions (10 events):
Event: 31.219 Thread 0x0000000018c89800 Exception <a 'sun/nio/fs/WindowsException'> (0x00000000e97bcd18) thrown at [D:\src\AOSP-openjdk-cygwin\jdk8u\hotspot\src\share\vm\prims\jni.cpp, line 709]
Event: 31.219 Thread 0x0000000018c89800 Exception <a 'sun/nio/fs/WindowsException'> (0x00000000e97bfc20) thrown at [D:\src\AOSP-openjdk-cygwin\jdk8u\hotspot\src\share\vm\prims\jni.cpp, line 709]
Event: 31.219 Thread 0x0000000018c89800 Exception <a 'sun/nio/fs/WindowsException'> (0x00000000e97c08b8) thrown at [D:\src\AOSP-openjdk-cygwin\jdk8u\hotspot\src\share\vm\prims\jni.cpp, line 709]
Event: 31.220 Thread 0x0000000018c89800 Exception <a 'sun/nio/fs/WindowsException'> (0x00000000e97c2598) thrown at [D:\src\AOSP-openjdk-cygwin\jdk8u\hotspot\src\share\vm\prims\jni.cpp, line 709]
Event: 31.220 Thread 0x0000000018c89800 Exception <a 'sun/nio/fs/WindowsException'> (0x00000000e97c3268) thrown at [D:\src\AOSP-openjdk-cygwin\jdk8u\hotspot\src\share\vm\prims\jni.cpp, line 709]
Event: 31.244 Thread 0x0000000018c89800 Exception <a 'java/lang/NoSuchMethodError': java.lang.Object.lambda$comparing$77a9974f$1(Ljava/util/function/Function;Ljava/lang/Object;Ljava/lang/Object;)I> (0x00000000e9847c40) thrown at [D:\src\AOSP-openjdk-cygwin\jdk8u\hotspot\src\share\vm\interpreter
Event: 31.248 Thread 0x0000000018c89800 Exception <a 'java/lang/NoSuchMethodError': java.lang.Object.lambda$thenComparing$36697e65$1(Ljava/util/Comparator;Ljava/lang/Object;Ljava/lang/Object;)I> (0x00000000e9853390) thrown at [D:\src\AOSP-openjdk-cygwin\jdk8u\hotspot\src\share\vm\interpreter\li
Event: 31.520 Thread 0x0000000018c89800 Exception <a 'java/lang/NoSuchMethodError': java.lang.Object.lambda$maxBy$1(Ljava/util/Comparator;Ljava/lang/Object;Ljava/lang/Object;)Ljava/lang/Object;> (0x00000000e99a3f30) thrown at [D:\src\AOSP-openjdk-cygwin\jdk8u\hotspot\src\share\vm\interpreter\li
Event: 32.812 Thread 0x0000000018c89800 Exception <a 'java/lang/ClassNotFoundException': org/gradle/api/plugins/BasePluginConventionBeanInfo> (0x00000000e9fcf568) thrown at [D:\src\AOSP-openjdk-cygwin\jdk8u\hotspot\src\share\vm\classfile\systemDictionary.cpp, line 210]
Event: 32.814 Thread 0x0000000018c89800 Exception <a 'java/lang/ClassNotFoundException': org/gradle/api/plugins/BasePluginConventionCustomizer> (0x00000000e9ff1c98) thrown at [D:\src\AOSP-openjdk-cygwin\jdk8u\hotspot\src\share\vm\classfile\systemDictionary.cpp, line 210]

Events (10 events):
Event: 33.779 Thread 0x0000000018c89800 Uncommon trap: trap_request=0xffffff65 fr.pc=0x00000000038719d8
Event: 33.779 Thread 0x0000000018c89800 DEOPT PACKING pc=0x00000000038719d8 sp=0x000000001a9bb2a0
Event: 33.779 Thread 0x0000000018c89800 DEOPT UNPACKING pc=0x0000000002ab557b sp=0x000000001a9bb248 mode 2
Event: 33.782 loading class com/android/build/gradle/internal/res/LinkAndroidResForBundleTask$ConfigAction
Event: 33.782 loading class com/android/build/gradle/internal/res/LinkAndroidResForBundleTask$ConfigAction done
Event: 33.795 loading class com/android/build/gradle/internal/res/LinkAndroidResForBundleTask
Event: 33.795 loading class com/android/build/gradle/internal/res/LinkAndroidResForBundleTask done
Event: 33.813 loading class com/android/ide/common/build/ApkData
Event: 33.813 loading class com/android/ide/common/build/ApkData done
Event: 33.816 loading class java/util/stream/FindOps


Dynamic libraries:
0x00007ff7f2b30000 - 0x00007ff7f2b61000 	C:\Program Files\Android\Android Studio\jre\bin\java.exe
0x00007ff85f490000 - 0x00007ff85f671000 	C:\WINDOWS\SYSTEM32\ntdll.dll
0x00007ff85f170000 - 0x00007ff85f222000 	C:\WINDOWS\System32\KERNEL32.DLL
0x00007ff85c6a0000 - 0x00007ff85c913000 	C:\WINDOWS\System32\KERNELBASE.dll
0x00007ff85d3f0000 - 0x00007ff85d491000 	C:\WINDOWS\System32\ADVAPI32.dll
0x00007ff85c930000 - 0x00007ff85c9ce000 	C:\WINDOWS\System32\msvcrt.dll
0x00007ff85f230000 - 0x00007ff85f28b000 	C:\WINDOWS\System32\sechost.dll
0x00007ff85d2c0000 - 0x00007ff85d3e4000 	C:\WINDOWS\System32\RPCRT4.dll
0x00007ff85d130000 - 0x00007ff85d2c0000 	C:\WINDOWS\System32\USER32.dll
0x00007ff85bc80000 - 0x00007ff85bca0000 	C:\WINDOWS\System32\win32u.dll
0x00007ff85f290000 - 0x00007ff85f2b8000 	C:\WINDOWS\System32\GDI32.dll
0x00007ff85ba40000 - 0x00007ff85bbd2000 	C:\WINDOWS\System32\gdi32full.dll
0x00007ff85bbe0000 - 0x00007ff85bc7f000 	C:\WINDOWS\System32\msvcp_win.dll
0x00007ff85b940000 - 0x00007ff85ba3a000 	C:\WINDOWS\System32\ucrtbase.dll
0x00007ff852d60000 - 0x00007ff852fc9000 	C:\WINDOWS\WinSxS\amd64_microsoft.windows.common-controls_6595b64144ccf1df_6.0.17134.285_none_fb4297e330656775\COMCTL32.dll
0x00007ff85ca70000 - 0x00007ff85cd93000 	C:\WINDOWS\System32\combase.dll
0x00007ff85b8c0000 - 0x00007ff85b93a000 	C:\WINDOWS\System32\bcryptPrimitives.dll
0x00007ff85ca40000 - 0x00007ff85ca6d000 	C:\WINDOWS\System32\IMM32.DLL
0x0000000069580000 - 0x0000000069652000 	C:\Program Files\Android\Android Studio\jre\jre\bin\msvcr100.dll
0x0000000069660000 - 0x0000000069e9f000 	C:\Program Files\Android\Android Studio\jre\jre\bin\server\jvm.dll
0x00007ff85c920000 - 0x00007ff85c928000 	C:\WINDOWS\System32\PSAPI.DLL
0x00007ff850bf0000 - 0x00007ff850bf9000 	C:\WINDOWS\SYSTEM32\WSOCK32.dll
0x00007ff858600000 - 0x00007ff858623000 	C:\WINDOWS\SYSTEM32\WINMM.dll
0x00007ff857370000 - 0x00007ff85737a000 	C:\WINDOWS\SYSTEM32\VERSION.dll
0x00007ff85e8e0000 - 0x00007ff85e94c000 	C:\WINDOWS\System32\WS2_32.dll
0x00007ff8585d0000 - 0x00007ff8585fa000 	C:\WINDOWS\SYSTEM32\winmmbase.dll
0x00007ff85bca0000 - 0x00007ff85bce9000 	C:\WINDOWS\System32\cfgmgr32.dll
0x00007ff853210000 - 0x00007ff85321f000 	C:\Program Files\Android\Android Studio\jre\jre\bin\verify.dll
0x00007ff84f1b0000 - 0x00007ff84f1d9000 	C:\Program Files\Android\Android Studio\jre\jre\bin\java.dll
0x00007ff850c10000 - 0x00007ff850c26000 	C:\Program Files\Android\Android Studio\jre\jre\bin\zip.dll
0x00007ff85d4a0000 - 0x00007ff85e8e0000 	C:\WINDOWS\System32\SHELL32.dll
0x00007ff85f2c0000 - 0x00007ff85f369000 	C:\WINDOWS\System32\shcore.dll
0x00007ff85bf90000 - 0x00007ff85c69d000 	C:\WINDOWS\System32\windows.storage.dll
0x00007ff85c9e0000 - 0x00007ff85ca31000 	C:\WINDOWS\System32\shlwapi.dll
0x00007ff85b7e0000 - 0x00007ff85b7f1000 	C:\WINDOWS\System32\kernel.appcore.dll
0x00007ff85b7a0000 - 0x00007ff85b7bf000 	C:\WINDOWS\System32\profapi.dll
0x00007ff85b810000 - 0x00007ff85b85c000 	C:\WINDOWS\System32\powrprof.dll
0x00007ff85b800000 - 0x00007ff85b80a000 	C:\WINDOWS\System32\FLTLIB.DLL
0x00007ff8508e0000 - 0x00007ff8508fa000 	C:\Program Files\Android\Android Studio\jre\jre\bin\net.dll
0x00007ff85afd0000 - 0x00007ff85b036000 	C:\WINDOWS\system32\mswsock.dll
0x00007ff84f190000 - 0x00007ff84f1a1000 	C:\Program Files\Android\Android Studio\jre\jre\bin\nio.dll
0x00007ff84fa20000 - 0x00007ff84fa3e000 	C:\Users\Jhon\.gradle\native\25\windows-amd64\native-platform.dll
0x00007ff853290000 - 0x00007ff85329d000 	C:\Program Files\Android\Android Studio\jre\jre\bin\management.dll
0x00007ff85b500000 - 0x00007ff85b517000 	C:\WINDOWS\SYSTEM32\CRYPTSP.dll
0x00007ff85abc0000 - 0x00007ff85abf3000 	C:\WINDOWS\system32\rsaenh.dll
0x00007ff85b340000 - 0x00007ff85b365000 	C:\WINDOWS\SYSTEM32\bcrypt.dll
0x00007ff85b6a0000 - 0x00007ff85b6c8000 	C:\WINDOWS\SYSTEM32\USERENV.dll
0x00007ff85b130000 - 0x00007ff85b13b000 	C:\WINDOWS\SYSTEM32\CRYPTBASE.dll
0x00007ff85ad60000 - 0x00007ff85ad98000 	C:\WINDOWS\SYSTEM32\IPHLPAPI.DLL
0x00007ff85c9d0000 - 0x00007ff85c9d8000 	C:\WINDOWS\System32\NSI.dll
0x00007ff8536f0000 - 0x00007ff853706000 	C:\WINDOWS\SYSTEM32\dhcpcsvc6.DLL
0x00007ff8536d0000 - 0x00007ff8536ea000 	C:\WINDOWS\SYSTEM32\dhcpcsvc.DLL

VM Arguments:
jvm_args: -Xmx1536m -Dfile.encoding=windows-1252 -Duser.country=ES -Duser.language=es -Duser.variant 
java_command: org.gradle.launcher.daemon.bootstrap.GradleDaemon 4.4
java_class_path (initial): C:\Users\Jhon\.gradle\wrapper\dists\gradle-4.4-all\9br9xq1tocpiv8o6njlyu5op1\gradle-4.4\lib\gradle-launcher-4.4.jar
Launcher Type: SUN_STANDARD

Environment Variables:
CLASSPATH=.;C:\javalibs\antlr-4.7.1-complete.jar
PATH=C:\ProgramData\Oracle\Java\javapath;C:\Program Files (x86)\Common Files\Oracle\Java\javapath;C:\WINDOWS\system32;C:\WINDOWS;C:\WINDOWS\System32\Wbem;C:\WINDOWS\System32\WindowsPowerShell\v1.0\;C:\Bitnami\wappstack-5.6.20-1\php;C:\ProgramData\ComposerSetup\bin;C:\Program Files (x86)\Windows Live\Shared;C:\Program Files (x86)\Skype\Phone\;C:\Program Files (x86)\Python35-32;C:\Program Files\nodejs\;C:\Program Files\Git\cmd;C:\Program Files\Git\bin;C:\Program Files\Microsoft SQL Server\130\Tools\Binn\;C:\Program Files\Java\jdk1.8.0_101\bin;C:\apache-maven-3.5.0\bin;C:\spring-roo-1.3.2\bin;C:\Program Files\Microsoft SQL Server\Client SDK\ODBC\130\Tools\Binn\;C:\Program Files (x86)\Microsoft SQL Server\130\Tools\Binn\;C:\Program Files\Microsoft SQL Server\130\DTS\Binn\;C:\Program Files (x86)\Microsoft SQL Server\Client SDK\ODBC\130\Tools\Binn\;C:\Program Files (x86)\Microsoft SQL Server\140\Tools\Binn\;C:\Program Files (x86)\Microsoft SQL Server\140\DTS\Binn\;C:\Program Files (x86)\Microsoft SQL Server\140\Tools\Binn\ManagementStudio\;C:\Program Files\MiKTeX 2.9\miktex\bin\x64\;C:\Program Files (x86)\Windows Kits\8.1\Windows Performance Toolkit\;C:\Program Files\dotnet\;C:\Program Files (x86)\GtkSharp\2.12\bin;C:\javalibs;C:\Program Files (x86)\Microsoft Emulator Manager\1.0\;C:\WINDOWS\System32\OpenSSH\;C:\Users\Jhon\AppData\Roaming\Composer\vendor\bin;C:\Program Files\Java\jdk1.8.0_101\bin;C:\Users\Jhon\AppData\Roaming\npm;C:\Program Files\Git\cmd;C:\Program Files\Git\bin;C:\Users\Jhon\AppData\Local\Microsoft\WindowsApps;;C:\Program Files\Microsoft VS Code\bin
USERNAME=Jhon
OS=Windows_NT
PROCESSOR_IDENTIFIER=Intel64 Family 6 Model 42 Stepping 7, GenuineIntel



---------------  S Y S T E M  ---------------

OS: Windows 10.0 , 64 bit Build 17134 (10.0.17134.1)

CPU:total 4 (initial active 4) (2 cores per cpu, 2 threads per core) family 6 model 42 stepping 7, cmov, cx8, fxsr, mmx, sse, sse2, sse3, ssse3, sse4.1, sse4.2, popcnt, avx, aes, clmul, ht, tsc, tscinvbit

Memory: 4k page, physical 8280232k(1147196k free), swap 8280232k(21116k free)

vm_info: OpenJDK 64-Bit Server VM (25.152-b02) for windows-amd64 JRE (1.8.0_152-release-1024-b02), built by "builder" with MS VC++ 10.0 (VS2010)

time: Sun Oct 07 16:03:25 2018
elapsed time: 33 seconds (0d 0h 0m 33s)

